2019-10-15 13:03:32,467 INFO [org.springframework.test.context.support.DefaultTestContextBootstrapper] -Loaded default TestExecutionListener class names from location [META-INF/spring.factories]: [org.springframework.test.context.web.ServletTestExecutionListener, org.springframework.test.context.support.DirtiesContextBeforeModesTestExecutionListener, org.springframework.test.context.support.DependencyInjectionTestExecutionListener, org.springframework.test.context.support.DirtiesContextTestExecutionListener, org.springframework.test.context.transaction.TransactionalTestExecutionListener, org.springframework.test.context.jdbc.SqlScriptsTestExecutionListener]
2019-10-15 13:03:32,483 INFO [org.springframework.test.context.support.DefaultTestContextBootstrapper] -Using TestExecutionListeners: [org.springframework.test.context.web.ServletTestExecutionListener@453da22c, org.springframework.test.context.support.DirtiesContextBeforeModesTestExecutionListener@71248c21, org.springframework.test.context.support.DependencyInjectionTestExecutionListener@442675e1, org.springframework.test.context.support.DirtiesContextTestExecutionListener@6166e06f, org.springframework.test.context.transaction.TransactionalTestExecutionListener@49e202ad, org.springframework.test.context.jdbc.SqlScriptsTestExecutionListener@1c72da34]
2019-10-15 13:03:32,596 INFO [org.springframework.beans.factory.xml.XmlBeanDefinitionReader] -Loading XML bean definitions from class path resource [spring-context.xml]
2019-10-15 13:03:33,078 INFO [org.springframework.beans.factory.xml.XmlBeanDefinitionReader] -Loading XML bean definitions from class path resource [spring-context-druid.xml]
2019-10-15 13:03:33,127 INFO [org.springframework.beans.factory.xml.XmlBeanDefinitionReader] -Loading XML bean definitions from class path resource [spring-context-mybatis.xml]
2019-10-15 13:03:33,144 INFO [org.springframework.context.support.GenericApplicationContext] -Refreshing org.springframework.context.support.GenericApplicationContext@48524010: startup date [Tue Oct 15 13:03:33 CST 2019]; root of context hierarchy
2019-10-15 13:03:34,524 INFO [com.alibaba.druid.pool.DruidDataSource] -{dataSource-1} inited
2019-10-15 13:03:34,832 INFO [org.springframework.context.support.GenericApplicationContext] -Closing org.springframework.context.support.GenericApplicationContext@48524010: startup date [Tue Oct 15 13:03:33 CST 2019]; root of context hierarchy
2019-10-15 13:03:34,842 INFO [com.alibaba.druid.pool.DruidDataSource] -{dataSource-1} closed
2019-10-15 13:03:53,548 INFO [org.springframework.test.context.support.DefaultTestContextBootstrapper] -Loaded default TestExecutionListener class names from location [META-INF/spring.factories]: [org.springframework.test.context.web.ServletTestExecutionListener, org.springframework.test.context.support.DirtiesContextBeforeModesTestExecutionListener, org.springframework.test.context.support.DependencyInjectionTestExecutionListener, org.springframework.test.context.support.DirtiesContextTestExecutionListener, org.springframework.test.context.transaction.TransactionalTestExecutionListener, org.springframework.test.context.jdbc.SqlScriptsTestExecutionListener]
2019-10-15 13:03:53,570 INFO [org.springframework.test.context.support.DefaultTestContextBootstrapper] -Using TestExecutionListeners: [org.springframework.test.context.web.ServletTestExecutionListener@58fdd99, org.springframework.test.context.support.DirtiesContextBeforeModesTestExecutionListener@6b1274d2, org.springframework.test.context.support.DependencyInjectionTestExecutionListener@7bc1a03d, org.springframework.test.context.support.DirtiesContextTestExecutionListener@70b0b186, org.springframework.test.context.transaction.TransactionalTestExecutionListener@ba8d91c, org.springframework.test.context.jdbc.SqlScriptsTestExecutionListener@7364985f]
2019-10-15 13:03:53,630 INFO [org.springframework.beans.factory.xml.XmlBeanDefinitionReader] -Loading XML bean definitions from class path resource [spring-context.xml]
2019-10-15 13:03:53,854 INFO [org.springframework.beans.factory.xml.XmlBeanDefinitionReader] -Loading XML bean definitions from class path resource [spring-context-druid.xml]
2019-10-15 13:03:53,898 INFO [org.springframework.beans.factory.xml.XmlBeanDefinitionReader] -Loading XML bean definitions from class path resource [spring-context-mybatis.xml]
2019-10-15 13:03:53,931 INFO [org.springframework.context.support.GenericApplicationContext] -Refreshing org.springframework.context.support.GenericApplicationContext@5ad851c9: startup date [Tue Oct 15 13:03:53 CST 2019]; root of context hierarchy
2019-10-15 13:03:54,832 INFO [com.alibaba.druid.pool.DruidDataSource] -{dataSource-1} inited
2019-10-15 13:03:55,278 INFO [org.springframework.context.support.GenericApplicationContext] -Closing org.springframework.context.support.GenericApplicationContext@5ad851c9: startup date [Tue Oct 15 13:03:53 CST 2019]; root of context hierarchy
2019-10-15 13:03:55,285 INFO [com.alibaba.druid.pool.DruidDataSource] -{dataSource-1} closed
2019-10-15 13:05:34,687 INFO [org.springframework.test.context.support.DefaultTestContextBootstrapper] -Loaded default TestExecutionListener class names from location [META-INF/spring.factories]: [org.springframework.test.context.web.ServletTestExecutionListener, org.springframework.test.context.support.DirtiesContextBeforeModesTestExecutionListener, org.springframework.test.context.support.DependencyInjectionTestExecutionListener, org.springframework.test.context.support.DirtiesContextTestExecutionListener, org.springframework.test.context.transaction.TransactionalTestExecutionListener, org.springframework.test.context.jdbc.SqlScriptsTestExecutionListener]
2019-10-15 13:05:34,722 INFO [org.springframework.test.context.support.DefaultTestContextBootstrapper] -Using TestExecutionListeners: [org.springframework.test.context.web.ServletTestExecutionListener@fa4c865, org.springframework.test.context.support.DirtiesContextBeforeModesTestExecutionListener@3bd82cf5, org.springframework.test.context.support.DependencyInjectionTestExecutionListener@544fa968, org.springframework.test.context.support.DirtiesContextTestExecutionListener@247bddad, org.springframework.test.context.transaction.TransactionalTestExecutionListener@d35dea7, org.springframework.test.context.jdbc.SqlScriptsTestExecutionListener@7770f470]
2019-10-15 13:05:34,872 INFO [org.springframework.beans.factory.xml.XmlBeanDefinitionReader] -Loading XML bean definitions from class path resource [spring-context.xml]
2019-10-15 13:05:35,161 INFO [org.springframework.beans.factory.xml.XmlBeanDefinitionReader] -Loading XML bean definitions from class path resource [spring-context-druid.xml]
2019-10-15 13:05:35,202 INFO [org.springframework.beans.factory.xml.XmlBeanDefinitionReader] -Loading XML bean definitions from class path resource [spring-context-mybatis.xml]
2019-10-15 13:05:35,227 INFO [org.springframework.context.support.GenericApplicationContext] -Refreshing org.springframework.context.support.GenericApplicationContext@36b4fe2a: startup date [Tue Oct 15 13:05:35 CST 2019]; root of context hierarchy
2019-10-15 13:05:36,034 INFO [com.alibaba.druid.pool.DruidDataSource] -{dataSource-1} inited
2019-10-15 13:06:12,953 INFO [org.springframework.context.support.GenericApplicationContext] -Closing org.springframework.context.support.GenericApplicationContext@36b4fe2a: startup date [Tue Oct 15 13:05:35 CST 2019]; root of context hierarchy
2019-10-15 13:06:12,965 INFO [com.alibaba.druid.pool.DruidDataSource] -{dataSource-1} closed
2019-10-15 13:06:47,002 INFO [org.springframework.test.context.support.DefaultTestContextBootstrapper] -Loaded default TestExecutionListener class names from location [META-INF/spring.factories]: [org.springframework.test.context.web.ServletTestExecutionListener, org.springframework.test.context.support.DirtiesContextBeforeModesTestExecutionListener, org.springframework.test.context.support.DependencyInjectionTestExecutionListener, org.springframework.test.context.support.DirtiesContextTestExecutionListener, org.springframework.test.context.transaction.TransactionalTestExecutionListener, org.springframework.test.context.jdbc.SqlScriptsTestExecutionListener]
2019-10-15 13:06:47,017 INFO [org.springframework.test.context.support.DefaultTestContextBootstrapper] -Using TestExecutionListeners: [org.springframework.test.context.web.ServletTestExecutionListener@58fdd99, org.springframework.test.context.support.DirtiesContextBeforeModesTestExecutionListener@6b1274d2, org.springframework.test.context.support.DependencyInjectionTestExecutionListener@7bc1a03d, org.springframework.test.context.support.DirtiesContextTestExecutionListener@70b0b186, org.springframework.test.context.transaction.TransactionalTestExecutionListener@ba8d91c, org.springframework.test.context.jdbc.SqlScriptsTestExecutionListener@7364985f]
2019-10-15 13:06:47,092 INFO [org.springframework.beans.factory.xml.XmlBeanDefinitionReader] -Loading XML bean definitions from class path resource [spring-context.xml]
2019-10-15 13:06:47,327 INFO [org.springframework.beans.factory.xml.XmlBeanDefinitionReader] -Loading XML bean definitions from class path resource [spring-context-druid.xml]
2019-10-15 13:06:47,360 INFO [org.springframework.beans.factory.xml.XmlBeanDefinitionReader] -Loading XML bean definitions from class path resource [spring-context-mybatis.xml]
2019-10-15 13:06:47,393 INFO [org.springframework.context.support.GenericApplicationContext] -Refreshing org.springframework.context.support.GenericApplicationContext@5ad851c9: startup date [Tue Oct 15 13:06:47 CST 2019]; root of context hierarchy
2019-10-15 13:06:48,544 INFO [com.alibaba.druid.pool.DruidDataSource] -{dataSource-1} inited
2019-10-15 13:06:49,080 INFO [org.springframework.context.support.GenericApplicationContext] -Closing org.springframework.context.support.GenericApplicationContext@5ad851c9: startup date [Tue Oct 15 13:06:47 CST 2019]; root of context hierarchy
2019-10-15 13:06:49,085 INFO [com.alibaba.druid.pool.DruidDataSource] -{dataSource-1} closed
2019-10-15 13:09:55,843 INFO [org.springframework.test.context.support.DefaultTestContextBootstrapper] -Loaded default TestExecutionListener class names from location [META-INF/spring.factories]: [org.springframework.test.context.web.ServletTestExecutionListener, org.springframework.test.context.support.DirtiesContextBeforeModesTestExecutionListener, org.springframework.test.context.support.DependencyInjectionTestExecutionListener, org.springframework.test.context.support.DirtiesContextTestExecutionListener, org.springframework.test.context.transaction.TransactionalTestExecutionListener, org.springframework.test.context.jdbc.SqlScriptsTestExecutionListener]
2019-10-15 13:09:55,859 INFO [org.springframework.test.context.support.DefaultTestContextBootstrapper] -Using TestExecutionListeners: [org.springframework.test.context.web.ServletTestExecutionListener@3bd82cf5, org.springframework.test.context.support.DirtiesContextBeforeModesTestExecutionListener@544fa968, org.springframework.test.context.support.DependencyInjectionTestExecutionListener@247bddad, org.springframework.test.context.support.DirtiesContextTestExecutionListener@d35dea7, org.springframework.test.context.transaction.TransactionalTestExecutionListener@7770f470, org.springframework.test.context.jdbc.SqlScriptsTestExecutionListener@5e5d171f]
2019-10-15 13:09:55,923 INFO [org.springframework.beans.factory.xml.XmlBeanDefinitionReader] -Loading XML bean definitions from class path resource [spring-context.xml]
2019-10-15 13:09:56,253 INFO [org.springframework.beans.factory.xml.XmlBeanDefinitionReader] -Loading XML bean definitions from class path resource [spring-context-druid.xml]
2019-10-15 13:09:56,304 INFO [org.springframework.beans.factory.xml.XmlBeanDefinitionReader] -Loading XML bean definitions from class path resource [spring-context-mybatis.xml]
2019-10-15 13:09:56,336 INFO [org.springframework.context.support.GenericApplicationContext] -Refreshing org.springframework.context.support.GenericApplicationContext@574b560f: startup date [Tue Oct 15 13:09:56 CST 2019]; root of context hierarchy
2019-10-15 13:09:57,448 INFO [com.alibaba.druid.pool.DruidDataSource] -{dataSource-1} inited
2019-10-15 13:09:57,977 INFO [org.springframework.context.support.GenericApplicationContext] -Closing org.springframework.context.support.GenericApplicationContext@574b560f: startup date [Tue Oct 15 13:09:56 CST 2019]; root of context hierarchy
2019-10-15 13:09:57,983 INFO [com.alibaba.druid.pool.DruidDataSource] -{dataSource-1} closed
2019-10-15 14:10:58,295 INFO [org.springframework.test.context.support.DefaultTestContextBootstrapper] -Loaded default TestExecutionListener class names from location [META-INF/spring.factories]: [org.springframework.test.context.web.ServletTestExecutionListener, org.springframework.test.context.support.DirtiesContextBeforeModesTestExecutionListener, org.springframework.test.context.support.DependencyInjectionTestExecutionListener, org.springframework.test.context.support.DirtiesContextTestExecutionListener, org.springframework.test.context.transaction.TransactionalTestExecutionListener, org.springframework.test.context.jdbc.SqlScriptsTestExecutionListener]
2019-10-15 14:10:58,312 INFO [org.springframework.test.context.support.DefaultTestContextBootstrapper] -Using TestExecutionListeners: [org.springframework.test.context.web.ServletTestExecutionListener@544fa968, org.springframework.test.context.support.DirtiesContextBeforeModesTestExecutionListener@247bddad, org.springframework.test.context.support.DependencyInjectionTestExecutionListener@d35dea7, org.springframework.test.context.support.DirtiesContextTestExecutionListener@7770f470, org.springframework.test.context.transaction.TransactionalTestExecutionListener@5e5d171f, org.springframework.test.context.jdbc.SqlScriptsTestExecutionListener@24313fcc]
2019-10-15 14:10:58,392 INFO [org.springframework.beans.factory.xml.XmlBeanDefinitionReader] -Loading XML bean definitions from class path resource [spring-context.xml]
2019-10-15 14:10:58,722 INFO [org.springframework.beans.factory.xml.XmlBeanDefinitionReader] -Loading XML bean definitions from class path resource [spring-context-druid.xml]
2019-10-15 14:10:58,779 INFO [org.springframework.beans.factory.xml.XmlBeanDefinitionReader] -Loading XML bean definitions from class path resource [spring-context-mybatis.xml]
2019-10-15 14:10:58,829 INFO [org.springframework.context.support.GenericApplicationContext] -Refreshing org.springframework.context.support.GenericApplicationContext@ba54932: startup date [Tue Oct 15 14:10:58 CST 2019]; root of context hierarchy
2019-10-15 14:11:00,279 INFO [com.alibaba.druid.pool.DruidDataSource] -{dataSource-1} inited
2019-10-15 14:11:00,991 INFO [org.springframework.context.support.GenericApplicationContext] -Closing org.springframework.context.support.GenericApplicationContext@ba54932: startup date [Tue Oct 15 14:10:58 CST 2019]; root of context hierarchy
2019-10-15 14:11:01,003 INFO [com.alibaba.druid.pool.DruidDataSource] -{dataSource-1} closed
2019-10-15 14:14:24,342 INFO [org.springframework.test.context.support.DefaultTestContextBootstrapper] -Loaded default TestExecutionListener class names from location [META-INF/spring.factories]: [org.springframework.test.context.web.ServletTestExecutionListener, org.springframework.test.context.support.DirtiesContextBeforeModesTestExecutionListener, org.springframework.test.context.support.DependencyInjectionTestExecutionListener, org.springframework.test.context.support.DirtiesContextTestExecutionListener, org.springframework.test.context.transaction.TransactionalTestExecutionListener, org.springframework.test.context.jdbc.SqlScriptsTestExecutionListener]
2019-10-15 14:14:24,356 INFO [org.springframework.test.context.support.DefaultTestContextBootstrapper] -Using TestExecutionListeners: [org.springframework.test.context.web.ServletTestExecutionListener@3bd82cf5, org.springframework.test.context.support.DirtiesContextBeforeModesTestExecutionListener@544fa968, org.springframework.test.context.support.DependencyInjectionTestExecutionListener@247bddad, org.springframework.test.context.support.DirtiesContextTestExecutionListener@d35dea7, org.springframework.test.context.transaction.TransactionalTestExecutionListener@7770f470, org.springframework.test.context.jdbc.SqlScriptsTestExecutionListener@5e5d171f]
2019-10-15 14:14:24,428 INFO [org.springframework.beans.factory.xml.XmlBeanDefinitionReader] -Loading XML bean definitions from class path resource [spring-context.xml]
2019-10-15 14:14:24,949 INFO [org.springframework.beans.factory.xml.XmlBeanDefinitionReader] -Loading XML bean definitions from class path resource [spring-context-druid.xml]
2019-10-15 14:14:25,059 INFO [org.springframework.beans.factory.xml.XmlBeanDefinitionReader] -Loading XML bean definitions from class path resource [spring-context-mybatis.xml]
2019-10-15 14:14:25,166 INFO [org.springframework.context.support.GenericApplicationContext] -Refreshing org.springframework.context.support.GenericApplicationContext@574b560f: startup date [Tue Oct 15 14:14:25 CST 2019]; root of context hierarchy
2019-10-15 14:14:26,490 INFO [com.alibaba.druid.pool.DruidDataSource] -{dataSource-1} inited
2019-10-15 14:14:27,066 INFO [org.springframework.context.support.GenericApplicationContext] -Closing org.springframework.context.support.GenericApplicationContext@574b560f: startup date [Tue Oct 15 14:14:25 CST 2019]; root of context hierarchy
2019-10-15 14:14:27,074 INFO [com.alibaba.druid.pool.DruidDataSource] -{dataSource-1} closed
2019-10-15 14:17:40,067 INFO [org.springframework.test.context.support.DefaultTestContextBootstrapper] -Loaded default TestExecutionListener class names from location [META-INF/spring.factories]: [org.springframework.test.context.web.ServletTestExecutionListener, org.springframework.test.context.support.DirtiesContextBeforeModesTestExecutionListener, org.springframework.test.context.support.DependencyInjectionTestExecutionListener, org.springframework.test.context.support.DirtiesContextTestExecutionListener, org.springframework.test.context.transaction.TransactionalTestExecutionListener, org.springframework.test.context.jdbc.SqlScriptsTestExecutionListener]
2019-10-15 14:17:40,083 INFO [org.springframework.test.context.support.DefaultTestContextBootstrapper] -Using TestExecutionListeners: [org.springframework.test.context.web.ServletTestExecutionListener@544fa968, org.springframework.test.context.support.DirtiesContextBeforeModesTestExecutionListener@247bddad, org.springframework.test.context.support.DependencyInjectionTestExecutionListener@d35dea7, org.springframework.test.context.support.DirtiesContextTestExecutionListener@7770f470, org.springframework.test.context.transaction.TransactionalTestExecutionListener@5e5d171f, org.springframework.test.context.jdbc.SqlScriptsTestExecutionListener@24313fcc]
2019-10-15 14:17:40,157 INFO [org.springframework.beans.factory.xml.XmlBeanDefinitionReader] -Loading XML bean definitions from class path resource [spring-context.xml]
2019-10-15 14:17:40,544 INFO [org.springframework.beans.factory.xml.XmlBeanDefinitionReader] -Loading XML bean definitions from class path resource [spring-context-druid.xml]
2019-10-15 14:17:40,618 INFO [org.springframework.beans.factory.xml.XmlBeanDefinitionReader] -Loading XML bean definitions from class path resource [spring-context-mybatis.xml]
2019-10-15 14:17:40,644 INFO [org.springframework.context.support.GenericApplicationContext] -Refreshing org.springframework.context.support.GenericApplicationContext@ba54932: startup date [Tue Oct 15 14:17:40 CST 2019]; root of context hierarchy
2019-10-15 14:17:42,114 INFO [com.alibaba.druid.pool.DruidDataSource] -{dataSource-1} inited
2019-10-15 14:17:43,313 INFO [org.springframework.beans.factory.xml.XmlBeanDefinitionReader] -Loading XML bean definitions from class path resource [org/springframework/jdbc/support/sql-error-codes.xml]
2019-10-15 14:17:43,380 INFO [org.springframework.jdbc.support.SQLErrorCodesFactory] -SQLErrorCodes loaded: [DB2, Derby, H2, HDB, HSQL, Informix, MS-SQL, MySQL, Oracle, PostgreSQL, Sybase]
2019-10-15 14:17:43,413 INFO [org.springframework.context.support.GenericApplicationContext] -Closing org.springframework.context.support.GenericApplicationContext@ba54932: startup date [Tue Oct 15 14:17:40 CST 2019]; root of context hierarchy
2019-10-15 14:17:43,426 INFO [com.alibaba.druid.pool.DruidDataSource] -{dataSource-1} closed
2019-10-15 14:18:24,026 INFO [org.springframework.test.context.support.DefaultTestContextBootstrapper] -Loaded default TestExecutionListener class names from location [META-INF/spring.factories]: [org.springframework.test.context.web.ServletTestExecutionListener, org.springframework.test.context.support.DirtiesContextBeforeModesTestExecutionListener, org.springframework.test.context.support.DependencyInjectionTestExecutionListener, org.springframework.test.context.support.DirtiesContextTestExecutionListener, org.springframework.test.context.transaction.TransactionalTestExecutionListener, org.springframework.test.context.jdbc.SqlScriptsTestExecutionListener]
2019-10-15 14:18:24,053 INFO [org.springframework.test.context.support.DefaultTestContextBootstrapper] -Using TestExecutionListeners: [org.springframework.test.context.web.ServletTestExecutionListener@544fa968, org.springframework.test.context.support.DirtiesContextBeforeModesTestExecutionListener@247bddad, org.springframework.test.context.support.DependencyInjectionTestExecutionListener@d35dea7, org.springframework.test.context.support.DirtiesContextTestExecutionListener@7770f470, org.springframework.test.context.transaction.TransactionalTestExecutionListener@5e5d171f, org.springframework.test.context.jdbc.SqlScriptsTestExecutionListener@24313fcc]
2019-10-15 14:18:24,141 INFO [org.springframework.beans.factory.xml.XmlBeanDefinitionReader] -Loading XML bean definitions from class path resource [spring-context.xml]
2019-10-15 14:18:24,438 INFO [org.springframework.beans.factory.xml.XmlBeanDefinitionReader] -Loading XML bean definitions from class path resource [spring-context-druid.xml]
2019-10-15 14:18:24,483 INFO [org.springframework.beans.factory.xml.XmlBeanDefinitionReader] -Loading XML bean definitions from class path resource [spring-context-mybatis.xml]
2019-10-15 14:18:24,522 INFO [org.springframework.context.support.GenericApplicationContext] -Refreshing org.springframework.context.support.GenericApplicationContext@ba54932: startup date [Tue Oct 15 14:18:24 CST 2019]; root of context hierarchy
2019-10-15 14:18:25,755 INFO [com.alibaba.druid.pool.DruidDataSource] -{dataSource-1} inited
2019-10-15 14:18:26,347 INFO [org.springframework.context.support.GenericApplicationContext] -Closing org.springframework.context.support.GenericApplicationContext@ba54932: startup date [Tue Oct 15 14:18:24 CST 2019]; root of context hierarchy
2019-10-15 14:18:26,354 INFO [com.alibaba.druid.pool.DruidDataSource] -{dataSource-1} closed
2019-10-15 14:22:38,293 INFO [org.springframework.test.context.support.DefaultTestContextBootstrapper] -Loaded default TestExecutionListener class names from location [META-INF/spring.factories]: [org.springframework.test.context.web.ServletTestExecutionListener, org.springframework.test.context.support.DirtiesContextBeforeModesTestExecutionListener, org.springframework.test.context.support.DependencyInjectionTestExecutionListener, org.springframework.test.context.support.DirtiesContextTestExecutionListener, org.springframework.test.context.transaction.TransactionalTestExecutionListener, org.springframework.test.context.jdbc.SqlScriptsTestExecutionListener]
2019-10-15 14:22:38,312 INFO [org.springframework.test.context.support.DefaultTestContextBootstrapper] -Using TestExecutionListeners: [org.springframework.test.context.web.ServletTestExecutionListener@544fa968, org.springframework.test.context.support.DirtiesContextBeforeModesTestExecutionListener@247bddad, org.springframework.test.context.support.DependencyInjectionTestExecutionListener@d35dea7, org.springframework.test.context.support.DirtiesContextTestExecutionListener@7770f470, org.springframework.test.context.transaction.TransactionalTestExecutionListener@5e5d171f, org.springframework.test.context.jdbc.SqlScriptsTestExecutionListener@24313fcc]
2019-10-15 14:23:19,747 INFO [org.springframework.test.context.support.DefaultTestContextBootstrapper] -Loaded default TestExecutionListener class names from location [META-INF/spring.factories]: [org.springframework.test.context.web.ServletTestExecutionListener, org.springframework.test.context.support.DirtiesContextBeforeModesTestExecutionListener, org.springframework.test.context.support.DependencyInjectionTestExecutionListener, org.springframework.test.context.support.DirtiesContextTestExecutionListener, org.springframework.test.context.transaction.TransactionalTestExecutionListener, org.springframework.test.context.jdbc.SqlScriptsTestExecutionListener]
2019-10-15 14:23:19,780 INFO [org.springframework.test.context.support.DefaultTestContextBootstrapper] -Using TestExecutionListeners: [org.springframework.test.context.web.ServletTestExecutionListener@3bd82cf5, org.springframework.test.context.support.DirtiesContextBeforeModesTestExecutionListener@544fa968, org.springframework.test.context.support.DependencyInjectionTestExecutionListener@247bddad, org.springframework.test.context.support.DirtiesContextTestExecutionListener@d35dea7, org.springframework.test.context.transaction.TransactionalTestExecutionListener@7770f470, org.springframework.test.context.jdbc.SqlScriptsTestExecutionListener@5e5d171f]
2019-10-15 14:23:19,887 INFO [org.springframework.beans.factory.xml.XmlBeanDefinitionReader] -Loading XML bean definitions from class path resource [spring-context.xml]
2019-10-15 14:23:20,282 INFO [org.springframework.beans.factory.xml.XmlBeanDefinitionReader] -Loading XML bean definitions from class path resource [spring-context-druid.xml]
2019-10-15 14:23:20,359 INFO [org.springframework.beans.factory.xml.XmlBeanDefinitionReader] -Loading XML bean definitions from class path resource [spring-context-mybatis.xml]
2019-10-15 14:23:20,400 INFO [org.springframework.context.support.GenericApplicationContext] -Refreshing org.springframework.context.support.GenericApplicationContext@574b560f: startup date [Tue Oct 15 14:23:20 CST 2019]; root of context hierarchy
2019-10-15 14:23:21,471 INFO [com.alibaba.druid.pool.DruidDataSource] -{dataSource-1} inited
2019-10-15 14:23:22,025 INFO [org.springframework.context.support.GenericApplicationContext] -Closing org.springframework.context.support.GenericApplicationContext@574b560f: startup date [Tue Oct 15 14:23:20 CST 2019]; root of context hierarchy
2019-10-15 14:23:22,031 INFO [com.alibaba.druid.pool.DruidDataSource] -{dataSource-1} closed
2019-10-15 14:28:30,669 INFO [org.springframework.test.context.support.DefaultTestContextBootstrapper] -Loaded default TestExecutionListener class names from location [META-INF/spring.factories]: [org.springframework.test.context.web.ServletTestExecutionListener, org.springframework.test.context.support.DirtiesContextBeforeModesTestExecutionListener, org.springframework.test.context.support.DependencyInjectionTestExecutionListener, org.springframework.test.context.support.DirtiesContextTestExecutionListener, org.springframework.test.context.transaction.TransactionalTestExecutionListener, org.springframework.test.context.jdbc.SqlScriptsTestExecutionListener]
2019-10-15 14:28:30,695 INFO [org.springframework.test.context.support.DefaultTestContextBootstrapper] -Using TestExecutionListeners: [org.springframework.test.context.web.ServletTestExecutionListener@fa4c865, org.springframework.test.context.support.DirtiesContextBeforeModesTestExecutionListener@3bd82cf5, org.springframework.test.context.support.DependencyInjectionTestExecutionListener@544fa968, org.springframework.test.context.support.DirtiesContextTestExecutionListener@247bddad, org.springframework.test.context.transaction.TransactionalTestExecutionListener@d35dea7, org.springframework.test.context.jdbc.SqlScriptsTestExecutionListener@7770f470]
2019-10-15 14:28:30,809 INFO [org.springframework.beans.factory.xml.XmlBeanDefinitionReader] -Loading XML bean definitions from class path resource [spring-context.xml]
2019-10-15 14:28:31,122 INFO [org.springframework.beans.factory.xml.XmlBeanDefinitionReader] -Loading XML bean definitions from class path resource [spring-context-druid.xml]
2019-10-15 14:28:31,191 INFO [org.springframework.beans.factory.xml.XmlBeanDefinitionReader] -Loading XML bean definitions from class path resource [spring-context-mybatis.xml]
2019-10-15 14:28:31,222 INFO [org.springframework.context.support.GenericApplicationContext] -Refreshing org.springframework.context.support.GenericApplicationContext@757acd7b: startup date [Tue Oct 15 14:28:31 CST 2019]; root of context hierarchy
2019-10-15 14:28:32,320 INFO [com.alibaba.druid.pool.DruidDataSource] -{dataSource-1} inited
2019-10-15 14:28:32,822 INFO [org.springframework.context.support.GenericApplicationContext] -Closing org.springframework.context.support.GenericApplicationContext@757acd7b: startup date [Tue Oct 15 14:28:31 CST 2019]; root of context hierarchy
2019-10-15 14:28:32,831 INFO [com.alibaba.druid.pool.DruidDataSource] -{dataSource-1} closed
2019-10-15 14:38:31,191 INFO [org.springframework.test.context.support.DefaultTestContextBootstrapper] -Loaded default TestExecutionListener class names from location [META-INF/spring.factories]: [org.springframework.test.context.web.ServletTestExecutionListener, org.springframework.test.context.support.DirtiesContextBeforeModesTestExecutionListener, org.springframework.test.context.support.DependencyInjectionTestExecutionListener, org.springframework.test.context.support.DirtiesContextTestExecutionListener, org.springframework.test.context.transaction.TransactionalTestExecutionListener, org.springframework.test.context.jdbc.SqlScriptsTestExecutionListener]
2019-10-15 14:38:31,213 INFO [org.springframework.test.context.support.DefaultTestContextBootstrapper] -Using TestExecutionListeners: [org.springframework.test.context.web.ServletTestExecutionListener@fa4c865, org.springframework.test.context.support.DirtiesContextBeforeModesTestExecutionListener@3bd82cf5, org.springframework.test.context.support.DependencyInjectionTestExecutionListener@544fa968, org.springframework.test.context.support.DirtiesContextTestExecutionListener@247bddad, org.springframework.test.context.transaction.TransactionalTestExecutionListener@d35dea7, org.springframework.test.context.jdbc.SqlScriptsTestExecutionListener@7770f470]
2019-10-15 14:38:31,293 INFO [org.springframework.beans.factory.xml.XmlBeanDefinitionReader] -Loading XML bean definitions from class path resource [spring-context.xml]
2019-10-15 14:38:31,595 INFO [org.springframework.beans.factory.xml.XmlBeanDefinitionReader] -Loading XML bean definitions from class path resource [spring-context-druid.xml]
2019-10-15 14:38:31,650 INFO [org.springframework.beans.factory.xml.XmlBeanDefinitionReader] -Loading XML bean definitions from class path resource [spring-context-mybatis.xml]
2019-10-15 14:38:31,682 INFO [org.springframework.context.support.GenericApplicationContext] -Refreshing org.springframework.context.support.GenericApplicationContext@36b4fe2a: startup date [Tue Oct 15 14:38:31 CST 2019]; root of context hierarchy
2019-10-15 14:38:33,099 INFO [com.alibaba.druid.pool.DruidDataSource] -{dataSource-1} inited
2019-10-15 14:38:33,550 INFO [org.springframework.context.support.GenericApplicationContext] -Closing org.springframework.context.support.GenericApplicationContext@36b4fe2a: startup date [Tue Oct 15 14:38:31 CST 2019]; root of context hierarchy
2019-10-15 14:38:33,559 INFO [com.alibaba.druid.pool.DruidDataSource] -{dataSource-1} closed
2019-10-15 14:39:09,172 INFO [org.springframework.test.context.support.DefaultTestContextBootstrapper] -Loaded default TestExecutionListener class names from location [META-INF/spring.factories]: [org.springframework.test.context.web.ServletTestExecutionListener, org.springframework.test.context.support.DirtiesContextBeforeModesTestExecutionListener, org.springframework.test.context.support.DependencyInjectionTestExecutionListener, org.springframework.test.context.support.DirtiesContextTestExecutionListener, org.springframework.test.context.transaction.TransactionalTestExecutionListener, org.springframework.test.context.jdbc.SqlScriptsTestExecutionListener]
2019-10-15 14:39:09,187 INFO [org.springframework.test.context.support.DefaultTestContextBootstrapper] -Using TestExecutionListeners: [org.springframework.test.context.web.ServletTestExecutionListener@4c178a76, org.springframework.test.context.support.DirtiesContextBeforeModesTestExecutionListener@fa4c865, org.springframework.test.context.support.DependencyInjectionTestExecutionListener@3bd82cf5, org.springframework.test.context.support.DirtiesContextTestExecutionListener@544fa968, org.springframework.test.context.transaction.TransactionalTestExecutionListener@247bddad, org.springframework.test.context.jdbc.SqlScriptsTestExecutionListener@d35dea7]
2019-10-15 14:39:09,263 INFO [org.springframework.beans.factory.xml.XmlBeanDefinitionReader] -Loading XML bean definitions from class path resource [spring-context.xml]
2019-10-15 14:39:09,526 INFO [org.springframework.beans.factory.xml.XmlBeanDefinitionReader] -Loading XML bean definitions from class path resource [spring-context-druid.xml]
2019-10-15 14:39:09,580 INFO [org.springframework.beans.factory.xml.XmlBeanDefinitionReader] -Loading XML bean definitions from class path resource [spring-context-mybatis.xml]
2019-10-15 14:39:09,652 INFO [org.springframework.context.support.GenericApplicationContext] -Refreshing org.springframework.context.support.GenericApplicationContext@11c9af63: startup date [Tue Oct 15 14:39:09 CST 2019]; root of context hierarchy
2019-10-15 14:39:10,698 INFO [com.alibaba.druid.pool.DruidDataSource] -{dataSource-1} inited
2019-10-15 14:39:11,187 INFO [org.springframework.context.support.GenericApplicationContext] -Closing org.springframework.context.support.GenericApplicationContext@11c9af63: startup date [Tue Oct 15 14:39:09 CST 2019]; root of context hierarchy
2019-10-15 14:39:11,197 INFO [com.alibaba.druid.pool.DruidDataSource] -{dataSource-1} closed
2019-10-15 15:29:30,909 INFO [org.springframework.test.context.support.DefaultTestContextBootstrapper] -Loaded default TestExecutionListener class names from location [META-INF/spring.factories]: [org.springframework.test.context.web.ServletTestExecutionListener, org.springframework.test.context.support.DirtiesContextBeforeModesTestExecutionListener, org.springframework.test.context.support.DependencyInjectionTestExecutionListener, org.springframework.test.context.support.DirtiesContextTestExecutionListener, org.springframework.test.context.transaction.TransactionalTestExecutionListener, org.springframework.test.context.jdbc.SqlScriptsTestExecutionListener]
2019-10-15 15:29:30,928 INFO [org.springframework.test.context.support.DefaultTestContextBootstrapper] -Using TestExecutionListeners: [org.springframework.test.context.web.ServletTestExecutionListener@3bd82cf5, org.springframework.test.context.support.DirtiesContextBeforeModesTestExecutionListener@544fa968, org.springframework.test.context.support.DependencyInjectionTestExecutionListener@247bddad, org.springframework.test.context.support.DirtiesContextTestExecutionListener@d35dea7, org.springframework.test.context.transaction.TransactionalTestExecutionListener@7770f470, org.springframework.test.context.jdbc.SqlScriptsTestExecutionListener@5e5d171f]
2019-10-15 15:29:31,037 INFO [org.springframework.beans.factory.xml.XmlBeanDefinitionReader] -Loading XML bean definitions from class path resource [spring-context.xml]
2019-10-15 15:29:31,378 INFO [org.springframework.beans.factory.xml.XmlBeanDefinitionReader] -Loading XML bean definitions from class path resource [spring-context-druid.xml]
2019-10-15 15:29:31,450 INFO [org.springframework.beans.factory.xml.XmlBeanDefinitionReader] -Loading XML bean definitions from class path resource [spring-context-mybatis.xml]
2019-10-15 15:29:31,533 INFO [org.springframework.context.support.GenericApplicationContext] -Refreshing org.springframework.context.support.GenericApplicationContext@574b560f: startup date [Tue Oct 15 15:29:31 CST 2019]; root of context hierarchy
2019-10-15 15:29:32,676 INFO [com.alibaba.druid.pool.DruidDataSource] -{dataSource-1} inited
2019-10-15 15:29:33,218 INFO [org.springframework.context.support.GenericApplicationContext] -Closing org.springframework.context.support.GenericApplicationContext@574b560f: startup date [Tue Oct 15 15:29:31 CST 2019]; root of context hierarchy
2019-10-15 15:29:33,226 INFO [com.alibaba.druid.pool.DruidDataSource] -{dataSource-1} closed
2019-10-15 15:30:56,801 INFO [org.springframework.test.context.support.DefaultTestContextBootstrapper] -Loaded default TestExecutionListener class names from location [META-INF/spring.factories]: [org.springframework.test.context.web.ServletTestExecutionListener, org.springframework.test.context.support.DirtiesContextBeforeModesTestExecutionListener, org.springframework.test.context.support.DependencyInjectionTestExecutionListener, org.springframework.test.context.support.DirtiesContextTestExecutionListener, org.springframework.test.context.transaction.TransactionalTestExecutionListener, org.springframework.test.context.jdbc.SqlScriptsTestExecutionListener]
2019-10-15 15:30:56,821 INFO [org.springframework.test.context.support.DefaultTestContextBootstrapper] -Using TestExecutionListeners: [org.springframework.test.context.web.ServletTestExecutionListener@3bd82cf5, org.springframework.test.context.support.DirtiesContextBeforeModesTestExecutionListener@544fa968, org.springframework.test.context.support.DependencyInjectionTestExecutionListener@247bddad, org.springframework.test.context.support.DirtiesContextTestExecutionListener@d35dea7, org.springframework.test.context.transaction.TransactionalTestExecutionListener@7770f470, org.springframework.test.context.jdbc.SqlScriptsTestExecutionListener@5e5d171f]
2019-10-15 15:30:56,897 INFO [org.springframework.beans.factory.xml.XmlBeanDefinitionReader] -Loading XML bean definitions from class path resource [spring-context.xml]
2019-10-15 15:30:57,235 INFO [org.springframework.beans.factory.xml.XmlBeanDefinitionReader] -Loading XML bean definitions from class path resource [spring-context-druid.xml]
2019-10-15 15:30:57,270 INFO [org.springframework.beans.factory.xml.XmlBeanDefinitionReader] -Loading XML bean definitions from class path resource [spring-context-mybatis.xml]
2019-10-15 15:30:57,336 INFO [org.springframework.context.support.GenericApplicationContext] -Refreshing org.springframework.context.support.GenericApplicationContext@574b560f: startup date [Tue Oct 15 15:30:57 CST 2019]; root of context hierarchy
2019-10-15 15:30:58,350 INFO [com.alibaba.druid.pool.DruidDataSource] -{dataSource-1} inited
2019-10-15 15:30:58,837 INFO [org.springframework.context.support.GenericApplicationContext] -Closing org.springframework.context.support.GenericApplicationContext@574b560f: startup date [Tue Oct 15 15:30:57 CST 2019]; root of context hierarchy
2019-10-15 15:30:58,844 INFO [com.alibaba.druid.pool.DruidDataSource] -{dataSource-1} closed
2019-10-15 15:33:55,142 INFO [org.springframework.test.context.support.DefaultTestContextBootstrapper] -Loaded default TestExecutionListener class names from location [META-INF/spring.factories]: [org.springframework.test.context.web.ServletTestExecutionListener, org.springframework.test.context.support.DirtiesContextBeforeModesTestExecutionListener, org.springframework.test.context.support.DependencyInjectionTestExecutionListener, org.springframework.test.context.support.DirtiesContextTestExecutionListener, org.springframework.test.context.transaction.TransactionalTestExecutionListener, org.springframework.test.context.jdbc.SqlScriptsTestExecutionListener]
2019-10-15 15:33:55,161 INFO [org.springframework.test.context.support.DefaultTestContextBootstrapper] -Using TestExecutionListeners: [org.springframework.test.context.web.ServletTestExecutionListener@544fa968, org.springframework.test.context.support.DirtiesContextBeforeModesTestExecutionListener@247bddad, org.springframework.test.context.support.DependencyInjectionTestExecutionListener@d35dea7, org.springframework.test.context.support.DirtiesContextTestExecutionListener@7770f470, org.springframework.test.context.transaction.TransactionalTestExecutionListener@5e5d171f, org.springframework.test.context.jdbc.SqlScriptsTestExecutionListener@24313fcc]
2019-10-15 15:33:55,241 INFO [org.springframework.beans.factory.xml.XmlBeanDefinitionReader] -Loading XML bean definitions from class path resource [spring-context.xml]
2019-10-15 15:33:55,535 INFO [org.springframework.beans.factory.xml.XmlBeanDefinitionReader] -Loading XML bean definitions from class path resource [spring-context-druid.xml]
2019-10-15 15:33:55,596 INFO [org.springframework.beans.factory.xml.XmlBeanDefinitionReader] -Loading XML bean definitions from class path resource [spring-context-mybatis.xml]
2019-10-15 15:33:55,669 INFO [org.springframework.context.support.GenericApplicationContext] -Refreshing org.springframework.context.support.GenericApplicationContext@ba54932: startup date [Tue Oct 15 15:33:55 CST 2019]; root of context hierarchy
2019-10-15 15:33:56,844 INFO [com.alibaba.druid.pool.DruidDataSource] -{dataSource-1} inited
2019-10-15 15:33:57,367 INFO [org.springframework.context.support.GenericApplicationContext] -Closing org.springframework.context.support.GenericApplicationContext@ba54932: startup date [Tue Oct 15 15:33:55 CST 2019]; root of context hierarchy
2019-10-15 15:33:57,373 INFO [com.alibaba.druid.pool.DruidDataSource] -{dataSource-1} closed
2019-10-15 15:34:43,431 INFO [org.springframework.test.context.support.DefaultTestContextBootstrapper] -Loaded default TestExecutionListener class names from location [META-INF/spring.factories]: [org.springframework.test.context.web.ServletTestExecutionListener, org.springframework.test.context.support.DirtiesContextBeforeModesTestExecutionListener, org.springframework.test.context.support.DependencyInjectionTestExecutionListener, org.springframework.test.context.support.DirtiesContextTestExecutionListener, org.springframework.test.context.transaction.TransactionalTestExecutionListener, org.springframework.test.context.jdbc.SqlScriptsTestExecutionListener]
2019-10-15 15:34:43,450 INFO [org.springframework.test.context.support.DefaultTestContextBootstrapper] -Using TestExecutionListeners: [org.springframework.test.context.web.ServletTestExecutionListener@544fa968, org.springframework.test.context.support.DirtiesContextBeforeModesTestExecutionListener@247bddad, org.springframework.test.context.support.DependencyInjectionTestExecutionListener@d35dea7, org.springframework.test.context.support.DirtiesContextTestExecutionListener@7770f470, org.springframework.test.context.transaction.TransactionalTestExecutionListener@5e5d171f, org.springframework.test.context.jdbc.SqlScriptsTestExecutionListener@24313fcc]
2019-10-15 15:34:43,537 INFO [org.springframework.beans.factory.xml.XmlBeanDefinitionReader] -Loading XML bean definitions from class path resource [spring-context.xml]
2019-10-15 15:34:43,874 INFO [org.springframework.beans.factory.xml.XmlBeanDefinitionReader] -Loading XML bean definitions from class path resource [spring-context-druid.xml]
2019-10-15 15:34:43,921 INFO [org.springframework.beans.factory.xml.XmlBeanDefinitionReader] -Loading XML bean definitions from class path resource [spring-context-mybatis.xml]
2019-10-15 15:34:43,955 INFO [org.springframework.context.support.GenericApplicationContext] -Refreshing org.springframework.context.support.GenericApplicationContext@ba54932: startup date [Tue Oct 15 15:34:43 CST 2019]; root of context hierarchy
2019-10-15 15:34:45,146 INFO [com.alibaba.druid.pool.DruidDataSource] -{dataSource-1} inited
2019-10-15 15:34:45,658 INFO [org.springframework.context.support.GenericApplicationContext] -Closing org.springframework.context.support.GenericApplicationContext@ba54932: startup date [Tue Oct 15 15:34:43 CST 2019]; root of context hierarchy
2019-10-15 15:34:45,665 INFO [com.alibaba.druid.pool.DruidDataSource] -{dataSource-1} closed
2019-10-15 16:05:37,522 INFO [org.springframework.test.context.support.DefaultTestContextBootstrapper] -Loaded default TestExecutionListener class names from location [META-INF/spring.factories]: [org.springframework.test.context.web.ServletTestExecutionListener, org.springframework.test.context.support.DirtiesContextBeforeModesTestExecutionListener, org.springframework.test.context.support.DependencyInjectionTestExecutionListener, org.springframework.test.context.support.DirtiesContextTestExecutionListener, org.springframework.test.context.transaction.TransactionalTestExecutionListener, org.springframework.test.context.jdbc.SqlScriptsTestExecutionListener]
2019-10-15 16:05:37,552 INFO [org.springframework.test.context.support.DefaultTestContextBootstrapper] -Using TestExecutionListeners: [org.springframework.test.context.web.ServletTestExecutionListener@544fa968, org.springframework.test.context.support.DirtiesContextBeforeModesTestExecutionListener@247bddad, org.springframework.test.context.support.DependencyInjectionTestExecutionListener@d35dea7, org.springframework.test.context.support.DirtiesContextTestExecutionListener@7770f470, org.springframework.test.context.transaction.TransactionalTestExecutionListener@5e5d171f, org.springframework.test.context.jdbc.SqlScriptsTestExecutionListener@24313fcc]
2019-10-15 16:05:37,662 INFO [org.springframework.beans.factory.xml.XmlBeanDefinitionReader] -Loading XML bean definitions from class path resource [spring-context.xml]
2019-10-15 16:05:37,966 INFO [org.springframework.beans.factory.xml.XmlBeanDefinitionReader] -Loading XML bean definitions from class path resource [spring-context-druid.xml]
2019-10-15 16:05:38,007 INFO [org.springframework.beans.factory.xml.XmlBeanDefinitionReader] -Loading XML bean definitions from class path resource [spring-context-mybatis.xml]
2019-10-15 16:05:38,038 INFO [org.springframework.context.support.GenericApplicationContext] -Refreshing org.springframework.context.support.GenericApplicationContext@ba54932: startup date [Tue Oct 15 16:05:38 CST 2019]; root of context hierarchy
2019-10-15 16:05:39,106 INFO [com.alibaba.druid.pool.DruidDataSource] -{dataSource-1} inited
2019-10-15 16:05:39,645 INFO [org.springframework.beans.factory.xml.XmlBeanDefinitionReader] -Loading XML bean definitions from class path resource [org/springframework/jdbc/support/sql-error-codes.xml]
2019-10-15 16:05:39,679 INFO [org.springframework.jdbc.support.SQLErrorCodesFactory] -SQLErrorCodes loaded: [DB2, Derby, H2, HDB, HSQL, Informix, MS-SQL, MySQL, Oracle, PostgreSQL, Sybase]
2019-10-15 16:05:39,694 INFO [org.springframework.context.support.GenericApplicationContext] -Closing org.springframework.context.support.GenericApplicationContext@ba54932: startup date [Tue Oct 15 16:05:38 CST 2019]; root of context hierarchy
2019-10-15 16:05:39,701 INFO [com.alibaba.druid.pool.DruidDataSource] -{dataSource-1} closed
2019-10-15 16:10:14,798 INFO [org.springframework.test.context.support.DefaultTestContextBootstrapper] -Loaded default TestExecutionListener class names from location [META-INF/spring.factories]: [org.springframework.test.context.web.ServletTestExecutionListener, org.springframework.test.context.support.DirtiesContextBeforeModesTestExecutionListener, org.springframework.test.context.support.DependencyInjectionTestExecutionListener, org.springframework.test.context.support.DirtiesContextTestExecutionListener, org.springframework.test.context.transaction.TransactionalTestExecutionListener, org.springframework.test.context.jdbc.SqlScriptsTestExecutionListener]
2019-10-15 16:10:14,814 INFO [org.springframework.test.context.support.DefaultTestContextBootstrapper] -Using TestExecutionListeners: [org.springframework.test.context.web.ServletTestExecutionListener@544fa968, org.springframework.test.context.support.DirtiesContextBeforeModesTestExecutionListener@247bddad, org.springframework.test.context.support.DependencyInjectionTestExecutionListener@d35dea7, org.springframework.test.context.support.DirtiesContextTestExecutionListener@7770f470, org.springframework.test.context.transaction.TransactionalTestExecutionListener@5e5d171f, org.springframework.test.context.jdbc.SqlScriptsTestExecutionListener@24313fcc]
2019-10-15 16:10:14,882 INFO [org.springframework.beans.factory.xml.XmlBeanDefinitionReader] -Loading XML bean definitions from class path resource [spring-context.xml]
2019-10-15 16:10:15,134 INFO [org.springframework.beans.factory.xml.XmlBeanDefinitionReader] -Loading XML bean definitions from class path resource [spring-context-druid.xml]
2019-10-15 16:10:15,174 INFO [org.springframework.beans.factory.xml.XmlBeanDefinitionReader] -Loading XML bean definitions from class path resource [spring-context-mybatis.xml]
2019-10-15 16:10:15,198 INFO [org.springframework.context.support.GenericApplicationContext] -Refreshing org.springframework.context.support.GenericApplicationContext@ba54932: startup date [Tue Oct 15 16:10:15 CST 2019]; root of context hierarchy
2019-10-15 16:10:16,396 INFO [com.alibaba.druid.pool.DruidDataSource] -{dataSource-1} inited
2019-10-15 16:10:16,800 INFO [org.springframework.beans.factory.xml.XmlBeanDefinitionReader] -Loading XML bean definitions from class path resource [org/springframework/jdbc/support/sql-error-codes.xml]
2019-10-15 16:10:16,832 INFO [org.springframework.jdbc.support.SQLErrorCodesFactory] -SQLErrorCodes loaded: [DB2, Derby, H2, HDB, HSQL, Informix, MS-SQL, MySQL, Oracle, PostgreSQL, Sybase]
2019-10-15 16:10:16,846 INFO [org.springframework.context.support.GenericApplicationContext] -Closing org.springframework.context.support.GenericApplicationContext@ba54932: startup date [Tue Oct 15 16:10:15 CST 2019]; root of context hierarchy
2019-10-15 16:10:16,854 INFO [com.alibaba.druid.pool.DruidDataSource] -{dataSource-1} closed
2019-10-15 16:13:40,408 INFO [org.springframework.test.context.support.DefaultTestContextBootstrapper] -Loaded default TestExecutionListener class names from location [META-INF/spring.factories]: [org.springframework.test.context.web.ServletTestExecutionListener, org.springframework.test.context.support.DirtiesContextBeforeModesTestExecutionListener, org.springframework.test.context.support.DependencyInjectionTestExecutionListener, org.springframework.test.context.support.DirtiesContextTestExecutionListener, org.springframework.test.context.transaction.TransactionalTestExecutionListener, org.springframework.test.context.jdbc.SqlScriptsTestExecutionListener]
2019-10-15 16:13:40,427 INFO [org.springframework.test.context.support.DefaultTestContextBootstrapper] -Using TestExecutionListeners: [org.springframework.test.context.web.ServletTestExecutionListener@544fa968, org.springframework.test.context.support.DirtiesContextBeforeModesTestExecutionListener@247bddad, org.springframework.test.context.support.DependencyInjectionTestExecutionListener@d35dea7, org.springframework.test.context.support.DirtiesContextTestExecutionListener@7770f470, org.springframework.test.context.transaction.TransactionalTestExecutionListener@5e5d171f, org.springframework.test.context.jdbc.SqlScriptsTestExecutionListener@24313fcc]
2019-10-15 16:13:40,496 INFO [org.springframework.beans.factory.xml.XmlBeanDefinitionReader] -Loading XML bean definitions from class path resource [spring-context.xml]
2019-10-15 16:13:40,847 INFO [org.springframework.beans.factory.xml.XmlBeanDefinitionReader] -Loading XML bean definitions from class path resource [spring-context-druid.xml]
2019-10-15 16:13:40,899 INFO [org.springframework.beans.factory.xml.XmlBeanDefinitionReader] -Loading XML bean definitions from class path resource [spring-context-mybatis.xml]
2019-10-15 16:13:40,936 INFO [org.springframework.context.support.GenericApplicationContext] -Refreshing org.springframework.context.support.GenericApplicationContext@ba54932: startup date [Tue Oct 15 16:13:40 CST 2019]; root of context hierarchy
2019-10-15 16:13:42,297 INFO [com.alibaba.druid.pool.DruidDataSource] -{dataSource-1} inited
2019-10-15 16:13:42,686 INFO [org.springframework.beans.factory.xml.XmlBeanDefinitionReader] -Loading XML bean definitions from class path resource [org/springframework/jdbc/support/sql-error-codes.xml]
2019-10-15 16:13:42,716 INFO [org.springframework.jdbc.support.SQLErrorCodesFactory] -SQLErrorCodes loaded: [DB2, Derby, H2, HDB, HSQL, Informix, MS-SQL, MySQL, Oracle, PostgreSQL, Sybase]
2019-10-15 16:13:42,731 INFO [org.springframework.context.support.GenericApplicationContext] -Closing org.springframework.context.support.GenericApplicationContext@ba54932: startup date [Tue Oct 15 16:13:40 CST 2019]; root of context hierarchy
2019-10-15 16:13:42,738 INFO [com.alibaba.druid.pool.DruidDataSource] -{dataSource-1} closed
2019-10-15 16:14:12,306 INFO [org.springframework.test.context.support.DefaultTestContextBootstrapper] -Loaded default TestExecutionListener class names from location [META-INF/spring.factories]: [org.springframework.test.context.web.ServletTestExecutionListener, org.springframework.test.context.support.DirtiesContextBeforeModesTestExecutionListener, org.springframework.test.context.support.DependencyInjectionTestExecutionListener, org.springframework.test.context.support.DirtiesContextTestExecutionListener, org.springframework.test.context.transaction.TransactionalTestExecutionListener, org.springframework.test.context.jdbc.SqlScriptsTestExecutionListener]
2019-10-15 16:14:12,337 INFO [org.springframework.test.context.support.DefaultTestContextBootstrapper] -Using TestExecutionListeners: [org.springframework.test.context.web.ServletTestExecutionListener@544fa968, org.springframework.test.context.support.DirtiesContextBeforeModesTestExecutionListener@247bddad, org.springframework.test.context.support.DependencyInjectionTestExecutionListener@d35dea7, org.springframework.test.context.support.DirtiesContextTestExecutionListener@7770f470, org.springframework.test.context.transaction.TransactionalTestExecutionListener@5e5d171f, org.springframework.test.context.jdbc.SqlScriptsTestExecutionListener@24313fcc]
2019-10-15 16:14:12,462 INFO [org.springframework.beans.factory.xml.XmlBeanDefinitionReader] -Loading XML bean definitions from class path resource [spring-context.xml]
2019-10-15 16:14:12,749 INFO [org.springframework.beans.factory.xml.XmlBeanDefinitionReader] -Loading XML bean definitions from class path resource [spring-context-druid.xml]
2019-10-15 16:14:12,801 INFO [org.springframework.beans.factory.xml.XmlBeanDefinitionReader] -Loading XML bean definitions from class path resource [spring-context-mybatis.xml]
2019-10-15 16:14:12,861 INFO [org.springframework.context.support.GenericApplicationContext] -Refreshing org.springframework.context.support.GenericApplicationContext@ba54932: startup date [Tue Oct 15 16:14:12 CST 2019]; root of context hierarchy
2019-10-15 16:14:14,071 INFO [com.alibaba.druid.pool.DruidDataSource] -{dataSource-1} inited
2019-10-15 16:14:39,398 INFO [org.springframework.beans.factory.xml.XmlBeanDefinitionReader] -Loading XML bean definitions from class path resource [org/springframework/jdbc/support/sql-error-codes.xml]
2019-10-15 16:14:39,822 INFO [org.springframework.jdbc.support.SQLErrorCodesFactory] -SQLErrorCodes loaded: [DB2, Derby, H2, HDB, HSQL, Informix, MS-SQL, MySQL, Oracle, PostgreSQL, Sybase]
2019-10-15 16:14:48,705 INFO [org.springframework.test.context.support.DefaultTestContextBootstrapper] -Loaded default TestExecutionListener class names from location [META-INF/spring.factories]: [org.springframework.test.context.web.ServletTestExecutionListener, org.springframework.test.context.support.DirtiesContextBeforeModesTestExecutionListener, org.springframework.test.context.support.DependencyInjectionTestExecutionListener, org.springframework.test.context.support.DirtiesContextTestExecutionListener, org.springframework.test.context.transaction.TransactionalTestExecutionListener, org.springframework.test.context.jdbc.SqlScriptsTestExecutionListener]
2019-10-15 16:14:48,739 INFO [org.springframework.test.context.support.DefaultTestContextBootstrapper] -Using TestExecutionListeners: [org.springframework.test.context.web.ServletTestExecutionListener@1ce24091, org.springframework.test.context.support.DirtiesContextBeforeModesTestExecutionListener@5dda768f, org.springframework.test.context.support.DependencyInjectionTestExecutionListener@7a8c8dcf, org.springframework.test.context.support.DirtiesContextTestExecutionListener@24269709, org.springframework.test.context.transaction.TransactionalTestExecutionListener@2aceadd4, org.springframework.test.context.jdbc.SqlScriptsTestExecutionListener@24aed80c]
2019-10-15 16:14:48,885 INFO [org.springframework.beans.factory.xml.XmlBeanDefinitionReader] -Loading XML bean definitions from class path resource [spring-context.xml]
2019-10-15 16:14:49,215 INFO [org.springframework.beans.factory.xml.XmlBeanDefinitionReader] -Loading XML bean definitions from class path resource [spring-context-druid.xml]
2019-10-15 16:14:49,285 INFO [org.springframework.beans.factory.xml.XmlBeanDefinitionReader] -Loading XML bean definitions from class path resource [spring-context-mybatis.xml]
2019-10-15 16:14:49,311 INFO [org.springframework.context.support.GenericApplicationContext] -Refreshing org.springframework.context.support.GenericApplicationContext@5552768b: startup date [Tue Oct 15 16:14:49 CST 2019]; root of context hierarchy
2019-10-15 16:14:50,400 INFO [com.alibaba.druid.pool.DruidDataSource] -{dataSource-1} inited
2019-10-15 16:15:01,967 INFO [org.springframework.test.context.support.DefaultTestContextBootstrapper] -Loaded default TestExecutionListener class names from location [META-INF/spring.factories]: [org.springframework.test.context.web.ServletTestExecutionListener, org.springframework.test.context.support.DirtiesContextBeforeModesTestExecutionListener, org.springframework.test.context.support.DependencyInjectionTestExecutionListener, org.springframework.test.context.support.DirtiesContextTestExecutionListener, org.springframework.test.context.transaction.TransactionalTestExecutionListener, org.springframework.test.context.jdbc.SqlScriptsTestExecutionListener]
2019-10-15 16:15:01,989 INFO [org.springframework.test.context.support.DefaultTestContextBootstrapper] -Using TestExecutionListeners: [org.springframework.test.context.web.ServletTestExecutionListener@3cc1435c, org.springframework.test.context.support.DirtiesContextBeforeModesTestExecutionListener@6bf0219d, org.springframework.test.context.support.DependencyInjectionTestExecutionListener@dd0c991, org.springframework.test.context.support.DirtiesContextTestExecutionListener@5f16132a, org.springframework.test.context.transaction.TransactionalTestExecutionListener@69fb6037, org.springframework.test.context.jdbc.SqlScriptsTestExecutionListener@36d585c]
2019-10-15 16:15:02,112 INFO [org.springframework.beans.factory.xml.XmlBeanDefinitionReader] -Loading XML bean definitions from class path resource [spring-context.xml]
2019-10-15 16:15:02,410 INFO [org.springframework.beans.factory.xml.XmlBeanDefinitionReader] -Loading XML bean definitions from class path resource [spring-context-druid.xml]
2019-10-15 16:15:02,479 INFO [org.springframework.beans.factory.xml.XmlBeanDefinitionReader] -Loading XML bean definitions from class path resource [spring-context-mybatis.xml]
2019-10-15 16:15:02,563 INFO [org.springframework.context.support.GenericApplicationContext] -Refreshing org.springframework.context.support.GenericApplicationContext@32b260fa: startup date [Tue Oct 15 16:15:02 CST 2019]; root of context hierarchy
2019-10-15 16:15:03,670 INFO [com.alibaba.druid.pool.DruidDataSource] -{dataSource-1} inited
2019-10-15 16:16:10,423 INFO [org.springframework.test.context.support.DefaultTestContextBootstrapper] -Loaded default TestExecutionListener class names from location [META-INF/spring.factories]: [org.springframework.test.context.web.ServletTestExecutionListener, org.springframework.test.context.support.DirtiesContextBeforeModesTestExecutionListener, org.springframework.test.context.support.DependencyInjectionTestExecutionListener, org.springframework.test.context.support.DirtiesContextTestExecutionListener, org.springframework.test.context.transaction.TransactionalTestExecutionListener, org.springframework.test.context.jdbc.SqlScriptsTestExecutionListener]
2019-10-15 16:16:10,443 INFO [org.springframework.test.context.support.DefaultTestContextBootstrapper] -Using TestExecutionListeners: [org.springframework.test.context.web.ServletTestExecutionListener@5dda768f, org.springframework.test.context.support.DirtiesContextBeforeModesTestExecutionListener@7a8c8dcf, org.springframework.test.context.support.DependencyInjectionTestExecutionListener@24269709, org.springframework.test.context.support.DirtiesContextTestExecutionListener@2aceadd4, org.springframework.test.context.transaction.TransactionalTestExecutionListener@24aed80c, org.springframework.test.context.jdbc.SqlScriptsTestExecutionListener@3a52dba3]
2019-10-15 16:16:10,523 INFO [org.springframework.beans.factory.xml.XmlBeanDefinitionReader] -Loading XML bean definitions from class path resource [spring-context.xml]
2019-10-15 16:16:10,763 INFO [org.springframework.beans.factory.xml.XmlBeanDefinitionReader] -Loading XML bean definitions from class path resource [spring-context-druid.xml]
2019-10-15 16:16:10,824 INFO [org.springframework.beans.factory.xml.XmlBeanDefinitionReader] -Loading XML bean definitions from class path resource [spring-context-mybatis.xml]
2019-10-15 16:16:10,876 INFO [org.springframework.context.support.GenericApplicationContext] -Refreshing org.springframework.context.support.GenericApplicationContext@3c947bc5: startup date [Tue Oct 15 16:16:10 CST 2019]; root of context hierarchy
2019-10-15 16:16:11,920 INFO [com.alibaba.druid.pool.DruidDataSource] -{dataSource-1} inited
2019-10-15 16:16:36,647 INFO [org.springframework.context.support.GenericApplicationContext] -Closing org.springframework.context.support.GenericApplicationContext@ba54932: startup date [Tue Oct 15 16:14:12 CST 2019]; root of context hierarchy
2019-10-15 16:16:36,655 INFO [com.alibaba.druid.pool.DruidDataSource] -{dataSource-1} closed
2019-10-15 16:16:36,740 INFO [org.springframework.context.support.GenericApplicationContext] -Closing org.springframework.context.support.GenericApplicationContext@5552768b: startup date [Tue Oct 15 16:14:49 CST 2019]; root of context hierarchy
2019-10-15 16:16:36,768 INFO [com.alibaba.druid.pool.DruidDataSource] -{dataSource-1} closed
2019-10-15 16:16:36,816 INFO [org.springframework.context.support.GenericApplicationContext] -Closing org.springframework.context.support.GenericApplicationContext@32b260fa: startup date [Tue Oct 15 16:15:02 CST 2019]; root of context hierarchy
2019-10-15 16:16:36,821 INFO [com.alibaba.druid.pool.DruidDataSource] -{dataSource-1} closed
2019-10-15 16:16:36,945 INFO [org.springframework.beans.factory.xml.XmlBeanDefinitionReader] -Loading XML bean definitions from class path resource [org/springframework/jdbc/support/sql-error-codes.xml]
2019-10-15 16:16:36,971 INFO [org.springframework.jdbc.support.SQLErrorCodesFactory] -SQLErrorCodes loaded: [DB2, Derby, H2, HDB, HSQL, Informix, MS-SQL, MySQL, Oracle, PostgreSQL, Sybase]
2019-10-15 16:16:36,994 INFO [org.springframework.context.support.GenericApplicationContext] -Closing org.springframework.context.support.GenericApplicationContext@3c947bc5: startup date [Tue Oct 15 16:16:10 CST 2019]; root of context hierarchy
2019-10-15 16:16:37,000 INFO [com.alibaba.druid.pool.DruidDataSource] -{dataSource-1} closed
2019-10-15 16:17:17,481 INFO [org.springframework.test.context.support.DefaultTestContextBootstrapper] -Loaded default TestExecutionListener class names from location [META-INF/spring.factories]: [org.springframework.test.context.web.ServletTestExecutionListener, org.springframework.test.context.support.DirtiesContextBeforeModesTestExecutionListener, org.springframework.test.context.support.DependencyInjectionTestExecutionListener, org.springframework.test.context.support.DirtiesContextTestExecutionListener, org.springframework.test.context.transaction.TransactionalTestExecutionListener, org.springframework.test.context.jdbc.SqlScriptsTestExecutionListener]
2019-10-15 16:17:17,494 INFO [org.springframework.test.context.support.DefaultTestContextBootstrapper] -Using TestExecutionListeners: [org.springframework.test.context.web.ServletTestExecutionListener@4c40b76e, org.springframework.test.context.support.DirtiesContextBeforeModesTestExecutionListener@2ea6137, org.springframework.test.context.support.DependencyInjectionTestExecutionListener@41ee392b, org.springframework.test.context.support.DirtiesContextTestExecutionListener@1e67a849, org.springframework.test.context.transaction.TransactionalTestExecutionListener@57d5872c, org.springframework.test.context.jdbc.SqlScriptsTestExecutionListener@667a738]
2019-10-15 16:17:17,556 INFO [org.springframework.beans.factory.xml.XmlBeanDefinitionReader] -Loading XML bean definitions from class path resource [spring-context.xml]
2019-10-15 16:17:18,041 INFO [org.springframework.beans.factory.xml.XmlBeanDefinitionReader] -Loading XML bean definitions from class path resource [spring-context-druid.xml]
2019-10-15 16:17:18,163 INFO [org.springframework.beans.factory.xml.XmlBeanDefinitionReader] -Loading XML bean definitions from class path resource [spring-context-mybatis.xml]
2019-10-15 16:17:18,189 INFO [org.springframework.context.support.GenericApplicationContext] -Refreshing org.springframework.context.support.GenericApplicationContext@6b19b79: startup date [Tue Oct 15 16:17:18 CST 2019]; root of context hierarchy
2019-10-15 16:17:19,312 INFO [com.alibaba.druid.pool.DruidDataSource] -{dataSource-1} inited
2019-10-15 16:17:19,716 INFO [org.springframework.context.support.GenericApplicationContext] -Closing org.springframework.context.support.GenericApplicationContext@6b19b79: startup date [Tue Oct 15 16:17:18 CST 2019]; root of context hierarchy
2019-10-15 16:17:19,728 INFO [com.alibaba.druid.pool.DruidDataSource] -{dataSource-1} closed
2019-10-15 16:17:34,479 INFO [org.springframework.test.context.support.DefaultTestContextBootstrapper] -Loaded default TestExecutionListener class names from location [META-INF/spring.factories]: [org.springframework.test.context.web.ServletTestExecutionListener, org.springframework.test.context.support.DirtiesContextBeforeModesTestExecutionListener, org.springframework.test.context.support.DependencyInjectionTestExecutionListener, org.springframework.test.context.support.DirtiesContextTestExecutionListener, org.springframework.test.context.transaction.TransactionalTestExecutionListener, org.springframework.test.context.jdbc.SqlScriptsTestExecutionListener]
2019-10-15 16:17:34,494 INFO [org.springframework.test.context.support.DefaultTestContextBootstrapper] -Using TestExecutionListeners: [org.springframework.test.context.web.ServletTestExecutionListener@544fa968, org.springframework.test.context.support.DirtiesContextBeforeModesTestExecutionListener@247bddad, org.springframework.test.context.support.DependencyInjectionTestExecutionListener@d35dea7, org.springframework.test.context.support.DirtiesContextTestExecutionListener@7770f470, org.springframework.test.context.transaction.TransactionalTestExecutionListener@5e5d171f, org.springframework.test.context.jdbc.SqlScriptsTestExecutionListener@24313fcc]
2019-10-15 16:17:34,561 INFO [org.springframework.beans.factory.xml.XmlBeanDefinitionReader] -Loading XML bean definitions from class path resource [spring-context.xml]
2019-10-15 16:17:34,833 INFO [org.springframework.beans.factory.xml.XmlBeanDefinitionReader] -Loading XML bean definitions from class path resource [spring-context-druid.xml]
2019-10-15 16:17:34,888 INFO [org.springframework.beans.factory.xml.XmlBeanDefinitionReader] -Loading XML bean definitions from class path resource [spring-context-mybatis.xml]
2019-10-15 16:17:34,916 INFO [org.springframework.context.support.GenericApplicationContext] -Refreshing org.springframework.context.support.GenericApplicationContext@ba54932: startup date [Tue Oct 15 16:17:34 CST 2019]; root of context hierarchy
2019-10-15 16:17:36,121 INFO [com.alibaba.druid.pool.DruidDataSource] -{dataSource-1} inited
2019-10-15 16:32:03,091 INFO [org.springframework.test.context.support.DefaultTestContextBootstrapper] -Loaded default TestExecutionListener class names from location [META-INF/spring.factories]: [org.springframework.test.context.web.ServletTestExecutionListener, org.springframework.test.context.support.DirtiesContextBeforeModesTestExecutionListener, org.springframework.test.context.support.DependencyInjectionTestExecutionListener, org.springframework.test.context.support.DirtiesContextTestExecutionListener, org.springframework.test.context.transaction.TransactionalTestExecutionListener, org.springframework.test.context.jdbc.SqlScriptsTestExecutionListener]
2019-10-15 16:32:03,106 INFO [org.springframework.test.context.support.DefaultTestContextBootstrapper] -Using TestExecutionListeners: [org.springframework.test.context.web.ServletTestExecutionListener@5dda768f, org.springframework.test.context.support.DirtiesContextBeforeModesTestExecutionListener@7a8c8dcf, org.springframework.test.context.support.DependencyInjectionTestExecutionListener@24269709, org.springframework.test.context.support.DirtiesContextTestExecutionListener@2aceadd4, org.springframework.test.context.transaction.TransactionalTestExecutionListener@24aed80c, org.springframework.test.context.jdbc.SqlScriptsTestExecutionListener@3a52dba3]
2019-10-15 16:32:03,182 INFO [org.springframework.beans.factory.xml.XmlBeanDefinitionReader] -Loading XML bean definitions from class path resource [spring-context.xml]
2019-10-15 16:32:03,467 INFO [org.springframework.beans.factory.xml.XmlBeanDefinitionReader] -Loading XML bean definitions from class path resource [spring-context-druid.xml]
2019-10-15 16:32:03,498 INFO [org.springframework.beans.factory.xml.XmlBeanDefinitionReader] -Loading XML bean definitions from class path resource [spring-context-mybatis.xml]
2019-10-15 16:32:03,550 INFO [org.springframework.context.support.GenericApplicationContext] -Refreshing org.springframework.context.support.GenericApplicationContext@3c947bc5: startup date [Tue Oct 15 16:32:03 CST 2019]; root of context hierarchy
2019-10-15 16:32:05,128 INFO [com.alibaba.druid.pool.DruidDataSource] -{dataSource-1} inited
2019-10-15 16:32:09,727 INFO [org.springframework.context.support.GenericApplicationContext] -Closing org.springframework.context.support.GenericApplicationContext@3c947bc5: startup date [Tue Oct 15 16:32:03 CST 2019]; root of context hierarchy
2019-10-15 16:32:09,731 INFO [com.alibaba.druid.pool.DruidDataSource] -{dataSource-1} closed
2019-10-15 16:32:13,700 INFO [org.springframework.context.support.GenericApplicationContext] -Closing org.springframework.context.support.GenericApplicationContext@ba54932: startup date [Tue Oct 15 16:17:34 CST 2019]; root of context hierarchy
2019-10-15 16:32:13,709 INFO [com.alibaba.druid.pool.DruidDataSource] -{dataSource-1} closed
2019-10-15 16:32:16,976 INFO [org.springframework.test.context.support.DefaultTestContextBootstrapper] -Loaded default TestExecutionListener class names from location [META-INF/spring.factories]: [org.springframework.test.context.web.ServletTestExecutionListener, org.springframework.test.context.support.DirtiesContextBeforeModesTestExecutionListener, org.springframework.test.context.support.DependencyInjectionTestExecutionListener, org.springframework.test.context.support.DirtiesContextTestExecutionListener, org.springframework.test.context.transaction.TransactionalTestExecutionListener, org.springframework.test.context.jdbc.SqlScriptsTestExecutionListener]
2019-10-15 16:32:16,996 INFO [org.springframework.test.context.support.DefaultTestContextBootstrapper] -Using TestExecutionListeners: [org.springframework.test.context.web.ServletTestExecutionListener@58fdd99, org.springframework.test.context.support.DirtiesContextBeforeModesTestExecutionListener@6b1274d2, org.springframework.test.context.support.DependencyInjectionTestExecutionListener@7bc1a03d, org.springframework.test.context.support.DirtiesContextTestExecutionListener@70b0b186, org.springframework.test.context.transaction.TransactionalTestExecutionListener@ba8d91c, org.springframework.test.context.jdbc.SqlScriptsTestExecutionListener@7364985f]
2019-10-15 16:32:17,060 INFO [org.springframework.beans.factory.xml.XmlBeanDefinitionReader] -Loading XML bean definitions from class path resource [spring-context.xml]
2019-10-15 16:32:17,293 INFO [org.springframework.beans.factory.xml.XmlBeanDefinitionReader] -Loading XML bean definitions from class path resource [spring-context-druid.xml]
2019-10-15 16:32:17,341 INFO [org.springframework.beans.factory.xml.XmlBeanDefinitionReader] -Loading XML bean definitions from class path resource [spring-context-mybatis.xml]
2019-10-15 16:32:17,379 INFO [org.springframework.context.support.GenericApplicationContext] -Refreshing org.springframework.context.support.GenericApplicationContext@5ad851c9: startup date [Tue Oct 15 16:32:17 CST 2019]; root of context hierarchy
2019-10-15 16:32:18,680 INFO [com.alibaba.druid.pool.DruidDataSource] -{dataSource-1} inited
2019-10-15 16:32:19,227 INFO [org.springframework.context.support.GenericApplicationContext] -Closing org.springframework.context.support.GenericApplicationContext@5ad851c9: startup date [Tue Oct 15 16:32:17 CST 2019]; root of context hierarchy
2019-10-15 16:32:19,234 INFO [com.alibaba.druid.pool.DruidDataSource] -{dataSource-1} closed
